[ 7623247ms] [ERROR] Error @ http://localhost:3000/@vite/client:294
[ 7623263ms] [ERROR] [hmr] Failed to reload /src/App.jsx. This could be due to syntax errors or importing non-existent modules. (see errors above) @ http://localhost:3000/@vite/client:296
[ 7623264ms] [ERROR] [JavaScript Error: "Loading module from “http://localhost:3000/src/App.jsx?t=1774151719395” was blocked because of a disallowed MIME type (“”)." {file: "http://localhost:3000/" line: 0}] @ http://localhost:3000/:0
[ 7623264ms] [WARNING] [JavaScript Warning: "Loading failed for the module with source “http://localhost:3000/src/App.jsx?t=1774151719395”." {file: "http://localhost:3000/@vite/client" line: 0}] @ http://localhost:3000/@vite/client:0
[ 7627331ms] [ERROR] Error @ http://localhost:3000/@vite/client:294
[ 7627332ms] [ERROR] [hmr] Failed to reload /src/App.jsx. This could be due to syntax errors or importing non-existent modules. (see errors above) @ http://localhost:3000/@vite/client:296
[ 7627333ms] [ERROR] [JavaScript Error: "Loading module from “http://localhost:3000/src/App.jsx?t=1774151723552” was blocked because of a disallowed MIME type (“”)." {file: "http://localhost:3000/" line: 0}] @ http://localhost:3000/:0
[ 7627333ms] [WARNING] [JavaScript Warning: "Loading failed for the module with source “http://localhost:3000/src/App.jsx?t=1774151723552”." {file: "http://localhost:3000/@vite/client" line: 0}] @ http://localhost:3000/@vite/client:0
[ 7629552ms] [ERROR] Error @ http://localhost:3000/@vite/client:294
[ 7629553ms] [ERROR] [hmr] Failed to reload /src/App.jsx. This could be due to syntax errors or importing non-existent modules. (see errors above) @ http://localhost:3000/@vite/client:296
[ 7629554ms] [ERROR] [JavaScript Error: "Loading module from “http://localhost:3000/src/App.jsx?t=1774151725775” was blocked because of a disallowed MIME type (“”)." {file: "http://localhost:3000/" line: 0}] @ http://localhost:3000/:0
[ 7629554ms] [WARNING] [JavaScript Warning: "Loading failed for the module with source “http://localhost:3000/src/App.jsx?t=1774151725775”." {file: "http://localhost:3000/@vite/client" line: 0}] @ http://localhost:3000/@vite/client:0
[ 7631382ms] [ERROR] Error @ http://localhost:3000/@vite/client:294
[ 7631383ms] [ERROR] [hmr] Failed to reload /src/App.jsx. This could be due to syntax errors or importing non-existent modules. (see errors above) @ http://localhost:3000/@vite/client:296
[ 7631383ms] [ERROR] [JavaScript Error: "Loading module from “http://localhost:3000/src/App.jsx?t=1774151727605” was blocked because of a disallowed MIME type (“”)." {file: "http://localhost:3000/" line: 0}] @ http://localhost:3000/:0
[ 7631383ms] [WARNING] [JavaScript Warning: "Loading failed for the module with source “http://localhost:3000/src/App.jsx?t=1774151727605”." {file: "http://localhost:3000/@vite/client" line: 0}] @ http://localhost:3000/@vite/client:0
[ 7633280ms] [ERROR] Error @ http://localhost:3000/@vite/client:294
[ 7633280ms] [ERROR] [hmr] Failed to reload /src/App.jsx. This could be due to syntax errors or importing non-existent modules. (see errors above) @ http://localhost:3000/@vite/client:296
[ 7633285ms] [ERROR] [JavaScript Error: "Loading module from “http://localhost:3000/src/App.jsx?t=1774151729496” was blocked because of a disallowed MIME type (“”)." {file: "http://localhost:3000/" line: 0}] @ http://localhost:3000/:0
[ 7633285ms] [WARNING] [JavaScript Warning: "Loading failed for the module with source “http://localhost:3000/src/App.jsx?t=1774151729496”." {file: "http://localhost:3000/@vite/client" line: 0}] @ http://localhost:3000/@vite/client:0
[ 7635757ms] [ERROR] Error @ http://localhost:3000/@vite/client:294
[ 7635758ms] [ERROR] [hmr] Failed to reload /src/App.jsx. This could be due to syntax errors or importing non-existent modules. (see errors above) @ http://localhost:3000/@vite/client:296
[ 7635758ms] [ERROR] [JavaScript Error: "Loading module from “http://localhost:3000/src/App.jsx?t=1774151731979” was blocked because of a disallowed MIME type (“”)." {file: "http://localhost:3000/" line: 0}] @ http://localhost:3000/:0
[ 7635758ms] [WARNING] [JavaScript Warning: "Loading failed for the module with source “http://localhost:3000/src/App.jsx?t=1774151731979”." {file: "http://localhost:3000/@vite/client" line: 0}] @ http://localhost:3000/@vite/client:0
[ 7652714ms] [ERROR] Error @ http://localhost:3000/@vite/client:294
[ 7652715ms] [ERROR] [hmr] Failed to reload /src/App.jsx. This could be due to syntax errors or importing non-existent modules. (see errors above) @ http://localhost:3000/@vite/client:296
[ 7652715ms] [ERROR] [JavaScript Error: "Loading module from “http://localhost:3000/src/App.jsx?t=1774151748876” was blocked because of a disallowed MIME type (“”)." {file: "http://localhost:3000/" line: 0}] @ http://localhost:3000/:0
[ 7652715ms] [WARNING] [JavaScript Warning: "Loading failed for the module with source “http://localhost:3000/src/App.jsx?t=1774151748876”." {file: "http://localhost:3000/@vite/client" line: 0}] @ http://localhost:3000/@vite/client:0
[ 7655436ms] [ERROR] [JavaScript Error: "Loading module from “http://localhost:3000/src/App.jsx?t=1774151751655” was blocked because of a disallowed MIME type (“”)." {file: "http://localhost:3000/" line: 0}] @ http://localhost:3000/:0
[ 7655437ms] [ERROR] Error @ http://localhost:3000/@vite/client:294
[ 7655437ms] [ERROR] [hmr] Failed to reload /src/App.jsx. This could be due to syntax errors or importing non-existent modules. (see errors above) @ http://localhost:3000/@vite/client:296
[ 7655438ms] [WARNING] [JavaScript Warning: "Loading failed for the module with source “http://localhost:3000/src/App.jsx?t=1774151751655”." {file: "http://localhost:3000/@vite/client" line: 0}] @ http://localhost:3000/@vite/client:0
[ 7657131ms] [ERROR] Error @ http://localhost:3000/@vite/client:294
[ 7657132ms] [ERROR] [hmr] Failed to reload /src/App.jsx. This could be due to syntax errors or importing non-existent modules. (see errors above) @ http://localhost:3000/@vite/client:296
[ 7657132ms] [ERROR] [JavaScript Error: "Loading module from “http://localhost:3000/src/App.jsx?t=1774151753355” was blocked because of a disallowed MIME type (“”)." {file: "http://localhost:3000/" line: 0}] @ http://localhost:3000/:0
[ 7657132ms] [WARNING] [JavaScript Warning: "Loading failed for the module with source “http://localhost:3000/src/App.jsx?t=1774151753355”." {file: "http://localhost:3000/@vite/client" line: 0}] @ http://localhost:3000/@vite/client:0
[ 7665563ms] [ERROR] Error @ http://localhost:3000/@vite/client:294
[ 7665563ms] [ERROR] [hmr] Failed to reload /src/App.jsx. This could be due to syntax errors or importing non-existent modules. (see errors above) @ http://localhost:3000/@vite/client:296
[ 7665564ms] [ERROR] [JavaScript Error: "Loading module from “http://localhost:3000/src/App.jsx?t=1774151761781” was blocked because of a disallowed MIME type (“”)." {file: "http://localhost:3000/" line: 0}] @ http://localhost:3000/:0
[ 7665564ms] [WARNING] [JavaScript Warning: "Loading failed for the module with source “http://localhost:3000/src/App.jsx?t=1774151761781”." {file: "http://localhost:3000/@vite/client" line: 0}] @ http://localhost:3000/@vite/client:0
[ 7669383ms] [ERROR] Error @ http://localhost:3000/@vite/client:294
[ 7669383ms] [ERROR] [hmr] Failed to reload /src/App.jsx. This could be due to syntax errors or importing non-existent modules. (see errors above) @ http://localhost:3000/@vite/client:296
[ 7669384ms] [ERROR] [JavaScript Error: "Loading module from “http://localhost:3000/src/App.jsx?t=1774151765605” was blocked because of a disallowed MIME type (“”)." {file: "http://localhost:3000/" line: 0}] @ http://localhost:3000/:0
[ 7669384ms] [WARNING] [JavaScript Warning: "Loading failed for the module with source “http://localhost:3000/src/App.jsx?t=1774151765605”." {file: "http://localhost:3000/@vite/client" line: 0}] @ http://localhost:3000/@vite/client:0
[ 7672205ms] [ERROR] [JavaScript Error: "Loading module from “http://localhost:3000/src/App.jsx?t=1774151768429” was blocked because of a disallowed MIME type (“”)." {file: "http://localhost:3000/" line: 0}] @ http://localhost:3000/:0
[ 7672205ms] [ERROR] Error @ http://localhost:3000/@vite/client:294
[ 7672205ms] [ERROR] [hmr] Failed to reload /src/App.jsx. This could be due to syntax errors or importing non-existent modules. (see errors above) @ http://localhost:3000/@vite/client:296
[ 7672206ms] [WARNING] [JavaScript Warning: "Loading failed for the module with source “http://localhost:3000/src/App.jsx?t=1774151768429”." {file: "http://localhost:3000/@vite/client" line: 0}] @ http://localhost:3000/@vite/client:0
[ 7681624ms] [ERROR] Error @ http://localhost:3000/@vite/client:294
[ 7681625ms] [ERROR] [hmr] Failed to reload /src/App.jsx. This could be due to syntax errors or importing non-existent modules. (see errors above) @ http://localhost:3000/@vite/client:296
[ 7681625ms] [ERROR] [JavaScript Error: "Loading module from “http://localhost:3000/src/App.jsx?t=1774151777848” was blocked because of a disallowed MIME type (“”)." {file: "http://localhost:3000/" line: 0}] @ http://localhost:3000/:0
[ 7681625ms] [WARNING] [JavaScript Warning: "Loading failed for the module with source “http://localhost:3000/src/App.jsx?t=1774151777848”." {file: "http://localhost:3000/@vite/client" line: 0}] @ http://localhost:3000/@vite/client:0
[ 7699787ms] [ERROR] Error @ http://localhost:3000/@vite/client:294
[ 7699787ms] [ERROR] [hmr] Failed to reload /src/App.jsx. This could be due to syntax errors or importing non-existent modules. (see errors above) @ http://localhost:3000/@vite/client:296
[ 7699788ms] [ERROR] [JavaScript Error: "Loading module from “http://localhost:3000/src/App.jsx?t=1774151796007” was blocked because of a disallowed MIME type (“”)." {file: "http://localhost:3000/" line: 0}] @ http://localhost:3000/:0
[ 7699788ms] [WARNING] [JavaScript Warning: "Loading failed for the module with source “http://localhost:3000/src/App.jsx?t=1774151796007”." {file: "http://localhost:3000/@vite/client" line: 0}] @ http://localhost:3000/@vite/client:0
[ 7702909ms] [ERROR] Error @ http://localhost:3000/@vite/client:294
[ 7702909ms] [ERROR] [hmr] Failed to reload /src/App.jsx. This could be due to syntax errors or importing non-existent modules. (see errors above) @ http://localhost:3000/@vite/client:296
[ 7702909ms] [ERROR] [JavaScript Error: "Loading module from “http://localhost:3000/src/App.jsx?t=1774151799132” was blocked because of a disallowed MIME type (“”)." {file: "http://localhost:3000/" line: 0}] @ http://localhost:3000/:0
[ 7702909ms] [WARNING] [JavaScript Warning: "Loading failed for the module with source “http://localhost:3000/src/App.jsx?t=1774151799132”." {file: "http://localhost:3000/@vite/client" line: 0}] @ http://localhost:3000/@vite/client:0
[ 7707191ms] [ERROR] Error @ http://localhost:3000/@vite/client:294
[ 7707191ms] [ERROR] [hmr] Failed to reload /src/App.jsx. This could be due to syntax errors or importing non-existent modules. (see errors above) @ http://localhost:3000/@vite/client:296
[ 7707191ms] [ERROR] [JavaScript Error: "Loading module from “http://localhost:3000/src/App.jsx?t=1774151803413” was blocked because of a disallowed MIME type (“”)." {file: "http://localhost:3000/" line: 0}] @ http://localhost:3000/:0
[ 7707191ms] [WARNING] [JavaScript Warning: "Loading failed for the module with source “http://localhost:3000/src/App.jsx?t=1774151803413”." {file: "http://localhost:3000/@vite/client" line: 0}] @ http://localhost:3000/@vite/client:0
[ 7708946ms] [ERROR] Error @ http://localhost:3000/@vite/client:294
[ 7708946ms] [ERROR] [hmr] Failed to reload /src/App.jsx. This could be due to syntax errors or importing non-existent modules. (see errors above) @ http://localhost:3000/@vite/client:296
[ 7708947ms] [ERROR] [JavaScript Error: "Loading module from “http://localhost:3000/src/App.jsx?t=1774151805169” was blocked because of a disallowed MIME type (“”)." {file: "http://localhost:3000/" line: 0}] @ http://localhost:3000/:0
[ 7708948ms] [WARNING] [JavaScript Warning: "Loading failed for the module with source “http://localhost:3000/src/App.jsx?t=1774151805169”." {file: "http://localhost:3000/@vite/client" line: 0}] @ http://localhost:3000/@vite/client:0
[ 7711639ms] [ERROR] The above error occurred in the <App> component:

App@http://localhost:3000/src/App.jsx?t=1774151807829:19:35

Consider adding an error boundary to your tree to customize error handling behavior.
Visit https://reactjs.org/link/error-boundaries to learn more about error boundaries. @ http://localhost:3000/node_modules/.vite/deps/react-dom_client.js?v=e8d217c6:14033
[ 7711643ms] ReferenceError: use is not defined
    at App (http://localhost:3000/src/App.jsx?t=1774151807829:19:35)
    at renderWithHooks (http://localhost:3000/node_modules/.vite/deps/react-dom_client.js?v=e8d217c6:12169:35)
    at updateFunctionComponent (http://localhost:3000/node_modules/.vite/deps/react-dom_client.js?v=e8d217c6:14575:28)
    at beginWork (http://localhost:3000/node_modules/.vite/deps/react-dom_client.js?v=e8d217c6:15910:22)
    at callCallback2 (http://localhost:3000/node_modules/.vite/deps/react-dom_client.js?v=e8d217c6:3672:22)
    at invokeGuardedCallbackDev (http://localhost:3000/node_modules/.vite/deps/react-dom_client.js?v=e8d217c6:3697:24)
    at invokeGuardedCallback (http://localhost:3000/node_modules/.vite/deps/react-dom_client.js?v=e8d217c6:3731:39)
    at beginWork$1 (http://localhost:3000/node_modules/.vite/deps/react-dom_client.js?v=e8d217c6:19759:36)
    at performUnitOfWork (http://localhost:3000/node_modules/.vite/deps/react-dom_client.js?v=e8d217c6:19192:20)
    at workLoopSync (http://localhost:3000/node_modules/.vite/deps/react-dom_client.js?v=e8d217c6:19131:30)
    at renderRootSync (http://localhost:3000/node_modules/.vite/deps/react-dom_client.js?v=e8d217c6:19110:15)
    at performSyncWorkOnRoot (http://localhost:3000/node_modules/.vite/deps/react-dom_client.js?v=e8d217c6:18868:42)
    at flushSyncCallbacks (http://localhost:3000/node_modules/.vite/deps/react-dom_client.js?v=e8d217c6:9133:30)
    at flushSync (http://localhost:3000/node_modules/.vite/deps/react-dom_client.js?v=e8d217c6:18953:15)
    at scheduleRefresh (http://localhost:3000/node_modules/.vite/deps/react-dom_client.js?v=e8d217c6:19998:22)
    at performReactRefresh/< (http://localhost:3000/@react-refresh:267:17)
    at performReactRefresh (http://localhost:3000/@react-refresh:256:26)
    at setTimeout handler*debounce/< (http://localhost:3000/@react-refresh:666:14)
    at validateRefreshBoundaryAndEnqueueUpdate (http://localhost:3000/@react-refresh:707:5)
    at  (http://localhost:3000/src/App.jsx?t=1774151792675:41:48)
    at createHotContext/accept/< (http://localhost:3000/@vite/client:658:96)
    at fetchUpdate/< (http://localhost:3000/@vite/client:600:15)
    at queueUpdate/< (http://localhost:3000/@vite/client:473:60)
    at queueUpdate (http://localhost:3000/@vite/client:473:38)
    at async*handleMessage/< (http://localhost:3000/@vite/client:350:28)
    at handleMessage (http://localhost:3000/@vite/client:348:47)
    at setupWebSocket/< (http://localhost:3000/@vite/client:276:22)
    at EventListener.handleEvent*setupWebSocket (http://localhost:3000/@vite/client:275:12)
    at  (http://localhost:3000/@vite/client:262:14)
[ 7711643ms] ReferenceError: use is not defined
    at App (http://localhost:3000/src/App.jsx?t=1774151807829:19:35)
    at renderWithHooks (http://localhost:3000/node_modules/.vite/deps/react-dom_client.js?v=e8d217c6:12169:35)
    at updateFunctionComponent (http://localhost:3000/node_modules/.vite/deps/react-dom_client.js?v=e8d217c6:14575:28)
    at beginWork (http://localhost:3000/node_modules/.vite/deps/react-dom_client.js?v=e8d217c6:15910:22)
    at callCallback2 (http://localhost:3000/node_modules/.vite/deps/react-dom_client.js?v=e8d217c6:3672:22)
    at invokeGuardedCallbackDev (http://localhost:3000/node_modules/.vite/deps/react-dom_client.js?v=e8d217c6:3697:24)
    at invokeGuardedCallback (http://localhost:3000/node_modules/.vite/deps/react-dom_client.js?v=e8d217c6:3731:39)
    at beginWork$1 (http://localhost:3000/node_modules/.vite/deps/react-dom_client.js?v=e8d217c6:19759:36)
    at performUnitOfWork (http://localhost:3000/node_modules/.vite/deps/react-dom_client.js?v=e8d217c6:19192:20)
    at workLoopSync (http://localhost:3000/node_modules/.vite/deps/react-dom_client.js?v=e8d217c6:19131:30)
    at renderRootSync (http://localhost:3000/node_modules/.vite/deps/react-dom_client.js?v=e8d217c6:19110:15)
    at recoverFromConcurrentError (http://localhost:3000/node_modules/.vite/deps/react-dom_client.js?v=e8d217c6:18730:42)
    at performSyncWorkOnRoot (http://localhost:3000/node_modules/.vite/deps/react-dom_client.js?v=e8d217c6:18873:28)
    at flushSyncCallbacks (http://localhost:3000/node_modules/.vite/deps/react-dom_client.js?v=e8d217c6:9133:30)
    at flushSync (http://localhost:3000/node_modules/.vite/deps/react-dom_client.js?v=e8d217c6:18953:15)
    at scheduleRefresh (http://localhost:3000/node_modules/.vite/deps/react-dom_client.js?v=e8d217c6:19998:22)
    at performReactRefresh/< (http://localhost:3000/@react-refresh:267:17)
    at performReactRefresh (http://localhost:3000/@react-refresh:256:26)
    at setTimeout handler*debounce/< (http://localhost:3000/@react-refresh:666:14)
    at validateRefreshBoundaryAndEnqueueUpdate (http://localhost:3000/@react-refresh:707:5)
    at  (http://localhost:3000/src/App.jsx?t=1774151792675:41:48)
    at createHotContext/accept/< (http://localhost:3000/@vite/client:658:96)
    at fetchUpdate/< (http://localhost:3000/@vite/client:600:15)
    at queueUpdate/< (http://localhost:3000/@vite/client:473:60)
    at queueUpdate (http://localhost:3000/@vite/client:473:38)
    at async*handleMessage/< (http://localhost:3000/@vite/client:350:28)
    at handleMessage (http://localhost:3000/@vite/client:348:47)
    at setupWebSocket/< (http://localhost:3000/@vite/client:276:22)
    at EventListener.handleEvent*setupWebSocket (http://localhost:3000/@vite/client:275:12)
    at  (http://localhost:3000/@vite/client:262:14)
[ 7711643ms] ReferenceError: use is not defined
    at App (http://localhost:3000/src/App.jsx?t=1774151807829:19:35)
    at renderWithHooks (http://localhost:3000/node_modules/.vite/deps/react-dom_client.js?v=e8d217c6:12169:35)
    at updateFunctionComponent (http://localhost:3000/node_modules/.vite/deps/react-dom_client.js?v=e8d217c6:14575:28)
    at beginWork (http://localhost:3000/node_modules/.vite/deps/react-dom_client.js?v=e8d217c6:15910:22)
    at beginWork$1 (http://localhost:3000/node_modules/.vite/deps/react-dom_client.js?v=e8d217c6:19747:22)
    at performUnitOfWork (http://localhost:3000/node_modules/.vite/deps/react-dom_client.js?v=e8d217c6:19192:20)
    at workLoopSync (http://localhost:3000/node_modules/.vite/deps/react-dom_client.js?v=e8d217c6:19131:30)
    at renderRootSync (http://localhost:3000/node_modules/.vite/deps/react-dom_client.js?v=e8d217c6:19110:15)
    at recoverFromConcurrentError (http://localhost:3000/node_modules/.vite/deps/react-dom_client.js?v=e8d217c6:18730:42)
    at performSyncWorkOnRoot (http://localhost:3000/node_modules/.vite/deps/react-dom_client.js?v=e8d217c6:18873:28)
    at flushSyncCallbacks (http://localhost:3000/node_modules/.vite/deps/react-dom_client.js?v=e8d217c6:9133:30)
    at flushSync (http://localhost:3000/node_modules/.vite/deps/react-dom_client.js?v=e8d217c6:18953:15)
    at scheduleRefresh (http://localhost:3000/node_modules/.vite/deps/react-dom_client.js?v=e8d217c6:19998:22)
    at performReactRefresh/< (http://localhost:3000/@react-refresh:267:17)
    at performReactRefresh (http://localhost:3000/@react-refresh:256:26)
    at setTimeout handler*debounce/< (http://localhost:3000/@react-refresh:666:14)
    at validateRefreshBoundaryAndEnqueueUpdate (http://localhost:3000/@react-refresh:707:5)
    at  (http://localhost:3000/src/App.jsx?t=1774151792675:41:48)
    at createHotContext/accept/< (http://localhost:3000/@vite/client:658:96)
    at fetchUpdate/< (http://localhost:3000/@vite/client:600:15)
    at queueUpdate/< (http://localhost:3000/@vite/client:473:60)
    at queueUpdate (http://localhost:3000/@vite/client:473:38)
    at async*handleMessage/< (http://localhost:3000/@vite/client:350:28)
    at handleMessage (http://localhost:3000/@vite/client:348:47)
    at setupWebSocket/< (http://localhost:3000/@vite/client:276:22)
    at EventListener.handleEvent*setupWebSocket (http://localhost:3000/@vite/client:275:12)
    at  (http://localhost:3000/@vite/client:262:14)
[ 7712825ms] [ERROR] The above error occurred in the <App> component:

App@http://localhost:3000/src/App.jsx?t=1774151809026:20:35

Consider adding an error boundary to your tree to customize error handling behavior.
Visit https://reactjs.org/link/error-boundaries to learn more about error boundaries. @ http://localhost:3000/node_modules/.vite/deps/react-dom_client.js?v=e8d217c6:14033
[ 7712827ms] TypeError: can't access property Symbol.iterator, use is undefined
    at App (http://localhost:3000/src/App.jsx?t=1774151809026:20:35)
    at renderWithHooks (http://localhost:3000/node_modules/.vite/deps/react-dom_client.js?v=e8d217c6:12169:35)
    at mountIndeterminateComponent (http://localhost:3000/node_modules/.vite/deps/react-dom_client.js?v=e8d217c6:14919:21)
    at beginWork (http://localhost:3000/node_modules/.vite/deps/react-dom_client.js?v=e8d217c6:15900:22)
    at callCallback2 (http://localhost:3000/node_modules/.vite/deps/react-dom_client.js?v=e8d217c6:3672:22)
    at invokeGuardedCallbackDev (http://localhost:3000/node_modules/.vite/deps/react-dom_client.js?v=e8d217c6:3697:24)
    at invokeGuardedCallback (http://localhost:3000/node_modules/.vite/deps/react-dom_client.js?v=e8d217c6:3731:39)
    at beginWork$1 (http://localhost:3000/node_modules/.vite/deps/react-dom_client.js?v=e8d217c6:19759:36)
    at performUnitOfWork (http://localhost:3000/node_modules/.vite/deps/react-dom_client.js?v=e8d217c6:19192:20)
    at workLoopSync (http://localhost:3000/node_modules/.vite/deps/react-dom_client.js?v=e8d217c6:19131:30)
    at renderRootSync (http://localhost:3000/node_modules/.vite/deps/react-dom_client.js?v=e8d217c6:19110:15)
    at performSyncWorkOnRoot (http://localhost:3000/node_modules/.vite/deps/react-dom_client.js?v=e8d217c6:18868:42)
    at flushSyncCallbacks (http://localhost:3000/node_modules/.vite/deps/react-dom_client.js?v=e8d217c6:9133:30)
    at flushSync (http://localhost:3000/node_modules/.vite/deps/react-dom_client.js?v=e8d217c6:18953:15)
    at scheduleRoot (http://localhost:3000/node_modules/.vite/deps/react-dom_client.js?v=e8d217c6:20009:22)
    at performReactRefresh/< (http://localhost:3000/@react-refresh:247:17)
    at performReactRefresh (http://localhost:3000/@react-refresh:226:25)
    at setTimeout handler*debounce/< (http://localhost:3000/@react-refresh:666:14)
    at validateRefreshBoundaryAndEnqueueUpdate (http://localhost:3000/@react-refresh:707:5)
    at  (http://localhost:3000/src/App.jsx?t=1774151807829:42:48)
    at createHotContext/accept/< (http://localhost:3000/@vite/client:658:96)
    at fetchUpdate/< (http://localhost:3000/@vite/client:600:15)
    at queueUpdate/< (http://localhost:3000/@vite/client:473:60)
    at queueUpdate (http://localhost:3000/@vite/client:473:38)
    at async*handleMessage/< (http://localhost:3000/@vite/client:350:28)
    at handleMessage (http://localhost:3000/@vite/client:348:47)
    at setupWebSocket/< (http://localhost:3000/@vite/client:276:22)
    at EventListener.handleEvent*setupWebSocket (http://localhost:3000/@vite/client:275:12)
    at  (http://localhost:3000/@vite/client:262:14)
[ 7712827ms] TypeError: can't access property Symbol.iterator, use is undefined
    at App (http://localhost:3000/src/App.jsx?t=1774151809026:20:35)
    at renderWithHooks (http://localhost:3000/node_modules/.vite/deps/react-dom_client.js?v=e8d217c6:12169:35)
    at mountIndeterminateComponent (http://localhost:3000/node_modules/.vite/deps/react-dom_client.js?v=e8d217c6:14919:21)
    at beginWork (http://localhost:3000/node_modules/.vite/deps/react-dom_client.js?v=e8d217c6:15900:22)
    at callCallback2 (http://localhost:3000/node_modules/.vite/deps/react-dom_client.js?v=e8d217c6:3672:22)
    at invokeGuardedCallbackDev (http://localhost:3000/node_modules/.vite/deps/react-dom_client.js?v=e8d217c6:3697:24)
    at invokeGuardedCallback (http://localhost:3000/node_modules/.vite/deps/react-dom_client.js?v=e8d217c6:3731:39)
    at beginWork$1 (http://localhost:3000/node_modules/.vite/deps/react-dom_client.js?v=e8d217c6:19759:36)
    at performUnitOfWork (http://localhost:3000/node_modules/.vite/deps/react-dom_client.js?v=e8d217c6:19192:20)
    at workLoopSync (http://localhost:3000/node_modules/.vite/deps/react-dom_client.js?v=e8d217c6:19131:30)
    at renderRootSync (http://localhost:3000/node_modules/.vite/deps/react-dom_client.js?v=e8d217c6:19110:15)
    at recoverFromConcurrentError (http://localhost:3000/node_modules/.vite/deps/react-dom_client.js?v=e8d217c6:18730:42)
    at performSyncWorkOnRoot (http://localhost:3000/node_modules/.vite/deps/react-dom_client.js?v=e8d217c6:18873:28)
    at flushSyncCallbacks (http://localhost:3000/node_modules/.vite/deps/react-dom_client.js?v=e8d217c6:9133:30)
    at flushSync (http://localhost:3000/node_modules/.vite/deps/react-dom_client.js?v=e8d217c6:18953:15)
    at scheduleRoot (http://localhost:3000/node_modules/.vite/deps/react-dom_client.js?v=e8d217c6:20009:22)
    at performReactRefresh/< (http://localhost:3000/@react-refresh:247:17)
    at performReactRefresh (http://localhost:3000/@react-refresh:226:25)
    at setTimeout handler*debounce/< (http://localhost:3000/@react-refresh:666:14)
    at validateRefreshBoundaryAndEnqueueUpdate (http://localhost:3000/@react-refresh:707:5)
    at  (http://localhost:3000/src/App.jsx?t=1774151807829:42:48)
    at createHotContext/accept/< (http://localhost:3000/@vite/client:658:96)
    at fetchUpdate/< (http://localhost:3000/@vite/client:600:15)
    at queueUpdate/< (http://localhost:3000/@vite/client:473:60)
    at queueUpdate (http://localhost:3000/@vite/client:473:38)
    at async*handleMessage/< (http://localhost:3000/@vite/client:350:28)
    at handleMessage (http://localhost:3000/@vite/client:348:47)
    at setupWebSocket/< (http://localhost:3000/@vite/client:276:22)
    at EventListener.handleEvent*setupWebSocket (http://localhost:3000/@vite/client:275:12)
    at  (http://localhost:3000/@vite/client:262:14)
[ 7712828ms] TypeError: can't access property Symbol.iterator, use is undefined
    at App (http://localhost:3000/src/App.jsx?t=1774151809026:20:35)
    at renderWithHooks (http://localhost:3000/node_modules/.vite/deps/react-dom_client.js?v=e8d217c6:12169:35)
    at mountIndeterminateComponent (http://localhost:3000/node_modules/.vite/deps/react-dom_client.js?v=e8d217c6:14919:21)
    at beginWork (http://localhost:3000/node_modules/.vite/deps/react-dom_client.js?v=e8d217c6:15900:22)
    at beginWork$1 (http://localhost:3000/node_modules/.vite/deps/react-dom_client.js?v=e8d217c6:19747:22)
    at performUnitOfWork (http://localhost:3000/node_modules/.vite/deps/react-dom_client.js?v=e8d217c6:19192:20)
    at workLoopSync (http://localhost:3000/node_modules/.vite/deps/react-dom_client.js?v=e8d217c6:19131:30)
    at renderRootSync (http://localhost:3000/node_modules/.vite/deps/react-dom_client.js?v=e8d217c6:19110:15)
    at recoverFromConcurrentError (http://localhost:3000/node_modules/.vite/deps/react-dom_client.js?v=e8d217c6:18730:42)
    at performSyncWorkOnRoot (http://localhost:3000/node_modules/.vite/deps/react-dom_client.js?v=e8d217c6:18873:28)
    at flushSyncCallbacks (http://localhost:3000/node_modules/.vite/deps/react-dom_client.js?v=e8d217c6:9133:30)
    at flushSync (http://localhost:3000/node_modules/.vite/deps/react-dom_client.js?v=e8d217c6:18953:15)
    at scheduleRoot (http://localhost:3000/node_modules/.vite/deps/react-dom_client.js?v=e8d217c6:20009:22)
    at performReactRefresh/< (http://localhost:3000/@react-refresh:247:17)
    at performReactRefresh (http://localhost:3000/@react-refresh:226:25)
    at setTimeout handler*debounce/< (http://localhost:3000/@react-refresh:666:14)
    at validateRefreshBoundaryAndEnqueueUpdate (http://localhost:3000/@react-refresh:707:5)
    at  (http://localhost:3000/src/App.jsx?t=1774151807829:42:48)
    at createHotContext/accept/< (http://localhost:3000/@vite/client:658:96)
    at fetchUpdate/< (http://localhost:3000/@vite/client:600:15)
    at queueUpdate/< (http://localhost:3000/@vite/client:473:60)
    at queueUpdate (http://localhost:3000/@vite/client:473:38)
    at async*handleMessage/< (http://localhost:3000/@vite/client:350:28)
    at handleMessage (http://localhost:3000/@vite/client:348:47)
    at setupWebSocket/< (http://localhost:3000/@vite/client:276:22)
    at EventListener.handleEvent*setupWebSocket (http://localhost:3000/@vite/client:275:12)
    at  (http://localhost:3000/@vite/client:262:14)
[ 8312104ms] [ERROR] Error @ http://localhost:3000/@vite/client:294
[ 8312105ms] [ERROR] [hmr] Failed to reload /src/App.jsx. This could be due to syntax errors or importing non-existent modules. (see errors above) @ http://localhost:3000/@vite/client:296
[ 8312107ms] [ERROR] [JavaScript Error: "Loading module from “http://localhost:3000/src/App.jsx?t=1774152408286” was blocked because of a disallowed MIME type (“”)." {file: "http://localhost:3000/" line: 0}] @ http://localhost:3000/:0
[ 8312107ms] [WARNING] [JavaScript Warning: "Loading failed for the module with source “http://localhost:3000/src/App.jsx?t=1774152408286”." {file: "http://localhost:3000/@vite/client" line: 0}] @ http://localhost:3000/@vite/client:0
[ 8314518ms] [ERROR] Error @ http://localhost:3000/@vite/client:294
[ 8314518ms] [ERROR] [hmr] Failed to reload /src/App.jsx. This could be due to syntax errors or importing non-existent modules. (see errors above) @ http://localhost:3000/@vite/client:296
[ 8314518ms] [ERROR] [JavaScript Error: "Loading module from “http://localhost:3000/src/App.jsx?t=1774152410739” was blocked because of a disallowed MIME type (“”)." {file: "http://localhost:3000/" line: 0}] @ http://localhost:3000/:0
[ 8314518ms] [WARNING] [JavaScript Warning: "Loading failed for the module with source “http://localhost:3000/src/App.jsx?t=1774152410739”." {file: "http://localhost:3000/@vite/client" line: 0}] @ http://localhost:3000/@vite/client:0
[ 8322436ms] [ERROR] Error @ http://localhost:3000/@vite/client:294
[ 8322436ms] [ERROR] [hmr] Failed to reload /src/App.jsx. This could be due to syntax errors or importing non-existent modules. (see errors above) @ http://localhost:3000/@vite/client:296
[ 8322437ms] [ERROR] [JavaScript Error: "Loading module from “http://localhost:3000/src/App.jsx?t=1774152418658” was blocked because of a disallowed MIME type (“”)." {file: "http://localhost:3000/" line: 0}] @ http://localhost:3000/:0
[ 8322437ms] [WARNING] [JavaScript Warning: "Loading failed for the module with source “http://localhost:3000/src/App.jsx?t=1774152418658”." {file: "http://localhost:3000/@vite/client" line: 0}] @ http://localhost:3000/@vite/client:0
[ 8401970ms] [ERROR] [JavaScript Error: "Loading module from “http://localhost:3000/src/components/Form/index.jsx?t=1774152498188” was blocked because of a disallowed MIME type (“”)." {file: "http://localhost:3000/" line: 0}] @ http://localhost:3000/:0
[ 8401970ms] [ERROR] Error @ http://localhost:3000/@vite/client:294
[ 8401970ms] [ERROR] [hmr] Failed to reload /src/components/Form/index.jsx. This could be due to syntax errors or importing non-existent modules. (see errors above) @ http://localhost:3000/@vite/client:296
[ 8401970ms] [WARNING] [JavaScript Warning: "Loading failed for the module with source “http://localhost:3000/src/components/Form/index.jsx?t=1774152498188”." {file: "http://localhost:3000/@vite/client" line: 0}] @ http://localhost:3000/@vite/client:0
[ 8426921ms] [ERROR] Error @ http://localhost:3000/@vite/client:294
[ 8426924ms] [ERROR] [hmr] Failed to reload /src/App.jsx. This could be due to syntax errors or importing non-existent modules. (see errors above) @ http://localhost:3000/@vite/client:296
[ 8426924ms] [ERROR] [JavaScript Error: "Loading module from “http://localhost:3000/src/App.jsx?t=1774152523121” was blocked because of a disallowed MIME type (“”)." {file: "http://localhost:3000/" line: 0}] @ http://localhost:3000/:0
[ 8426924ms] [WARNING] [JavaScript Warning: "Loading failed for the module with source “http://localhost:3000/src/App.jsx?t=1774152523121”." {file: "http://localhost:3000/@vite/client" line: 0}] @ http://localhost:3000/@vite/client:0
[ 8432994ms] [ERROR] The above error occurred in the <App> component:

App@http://localhost:3000/src/App.jsx?t=1774152529051:22:43

Consider adding an error boundary to your tree to customize error handling behavior.
Visit https://reactjs.org/link/error-boundaries to learn more about error boundaries. @ http://localhost:3000/node_modules/.vite/deps/react-dom_client.js?v=e8d217c6:14033
[ 8432998ms] ReferenceError: SumaryFormForm is not defined
    at App (http://localhost:3000/src/App.jsx?t=1774152529051:29:28)
    at renderWithHooks (http://localhost:3000/node_modules/.vite/deps/react-dom_client.js?v=e8d217c6:12169:35)
    at mountIndeterminateComponent (http://localhost:3000/node_modules/.vite/deps/react-dom_client.js?v=e8d217c6:14919:21)
    at beginWork (http://localhost:3000/node_modules/.vite/deps/react-dom_client.js?v=e8d217c6:15900:22)
    at callCallback2 (http://localhost:3000/node_modules/.vite/deps/react-dom_client.js?v=e8d217c6:3672:22)
    at invokeGuardedCallbackDev (http://localhost:3000/node_modules/.vite/deps/react-dom_client.js?v=e8d217c6:3697:24)
    at invokeGuardedCallback (http://localhost:3000/node_modules/.vite/deps/react-dom_client.js?v=e8d217c6:3731:39)
    at beginWork$1 (http://localhost:3000/node_modules/.vite/deps/react-dom_client.js?v=e8d217c6:19759:36)
    at performUnitOfWork (http://localhost:3000/node_modules/.vite/deps/react-dom_client.js?v=e8d217c6:19192:20)
    at workLoopSync (http://localhost:3000/node_modules/.vite/deps/react-dom_client.js?v=e8d217c6:19131:30)
    at renderRootSync (http://localhost:3000/node_modules/.vite/deps/react-dom_client.js?v=e8d217c6:19110:15)
    at performConcurrentWorkOnRoot (http://localhost:3000/node_modules/.vite/deps/react-dom_client.js?v=e8d217c6:18672:83)
    at workLoop (http://localhost:3000/node_modules/.vite/deps/react-dom_client.js?v=e8d217c6:195:50)
    at flushWork (http://localhost:3000/node_modules/.vite/deps/react-dom_client.js?v=e8d217c6:174:22)
    at performWorkUntilDeadline (http://localhost:3000/node_modules/.vite/deps/react-dom_client.js?v=e8d217c6:382:29)
    at EventHandlerNonNull*node_modules/scheduler/cjs/scheduler.development.js/< (http://localhost:3000/node_modules/.vite/deps/react-dom_client.js?v=e8d217c6:403:11)
    at node_modules/scheduler/cjs/scheduler.development.js (http://localhost:3000/node_modules/.vite/deps/react-dom_client.js?v=e8d217c6:451:9)
    at __require (http://localhost:3000/node_modules/.vite/deps/chunk-UZX524IT.js?v=fb735d0d:3:50)
    at node_modules/scheduler/index.js (http://localhost:3000/node_modules/.vite/deps/react-dom_client.js?v=e8d217c6:463:24)
    at __require (http://localhost:3000/node_modules/.vite/deps/chunk-UZX524IT.js?v=fb735d0d:3:50)
    at node_modules/react-dom/cjs/react-dom.development.js/< (http://localhost:3000/node_modules/.vite/deps/react-dom_client.js?v=e8d217c6:479:25)
    at node_modules/react-dom/cjs/react-dom.development.js (http://localhost:3000/node_modules/.vite/deps/react-dom_client.js?v=e8d217c6:21554:9)
    at __require (http://localhost:3000/node_modules/.vite/deps/chunk-UZX524IT.js?v=fb735d0d:3:50)
    at node_modules/react-dom/index.js (http://localhost:3000/node_modules/.vite/deps/react-dom_client.js?v=e8d217c6:21567:24)
    at __require (http://localhost:3000/node_modules/.vite/deps/chunk-UZX524IT.js?v=fb735d0d:3:50)
    at node_modules/react-dom/client.js (http://localhost:3000/node_modules/.vite/deps/react-dom_client.js?v=e8d217c6:21575:13)
    at __require (http://localhost:3000/node_modules/.vite/deps/chunk-UZX524IT.js?v=fb735d0d:3:50)
    at  (http://localhost:3000/node_modules/.vite/deps/react-dom_client.js?v=e8d217c6:21601:16)
[ 8432998ms] ReferenceError: SumaryFormForm is not defined
    at App (http://localhost:3000/src/App.jsx?t=1774152529051:29:28)
    at renderWithHooks (http://localhost:3000/node_modules/.vite/deps/react-dom_client.js?v=e8d217c6:12169:35)
    at mountIndeterminateComponent (http://localhost:3000/node_modules/.vite/deps/react-dom_client.js?v=e8d217c6:14919:21)
    at beginWork (http://localhost:3000/node_modules/.vite/deps/react-dom_client.js?v=e8d217c6:15900:22)
    at callCallback2 (http://localhost:3000/node_modules/.vite/deps/react-dom_client.js?v=e8d217c6:3672:22)
    at invokeGuardedCallbackDev (http://localhost:3000/node_modules/.vite/deps/react-dom_client.js?v=e8d217c6:3697:24)
    at invokeGuardedCallback (http://localhost:3000/node_modules/.vite/deps/react-dom_client.js?v=e8d217c6:3731:39)
    at beginWork$1 (http://localhost:3000/node_modules/.vite/deps/react-dom_client.js?v=e8d217c6:19759:36)
    at performUnitOfWork (http://localhost:3000/node_modules/.vite/deps/react-dom_client.js?v=e8d217c6:19192:20)
    at workLoopSync (http://localhost:3000/node_modules/.vite/deps/react-dom_client.js?v=e8d217c6:19131:30)
    at renderRootSync (http://localhost:3000/node_modules/.vite/deps/react-dom_client.js?v=e8d217c6:19110:15)
    at recoverFromConcurrentError (http://localhost:3000/node_modules/.vite/deps/react-dom_client.js?v=e8d217c6:18730:42)
    at performConcurrentWorkOnRoot (http://localhost:3000/node_modules/.vite/deps/react-dom_client.js?v=e8d217c6:18678:30)
    at workLoop (http://localhost:3000/node_modules/.vite/deps/react-dom_client.js?v=e8d217c6:195:50)
    at flushWork (http://localhost:3000/node_modules/.vite/deps/react-dom_client.js?v=e8d217c6:174:22)
    at performWorkUntilDeadline (http://localhost:3000/node_modules/.vite/deps/react-dom_client.js?v=e8d217c6:382:29)
    at EventHandlerNonNull*node_modules/scheduler/cjs/scheduler.development.js/< (http://localhost:3000/node_modules/.vite/deps/react-dom_client.js?v=e8d217c6:403:11)
    at node_modules/scheduler/cjs/scheduler.development.js (http://localhost:3000/node_modules/.vite/deps/react-dom_client.js?v=e8d217c6:451:9)
    at __require (http://localhost:3000/node_modules/.vite/deps/chunk-UZX524IT.js?v=fb735d0d:3:50)
    at node_modules/scheduler/index.js (http://localhost:3000/node_modules/.vite/deps/react-dom_client.js?v=e8d217c6:463:24)
    at __require (http://localhost:3000/node_modules/.vite/deps/chunk-UZX524IT.js?v=fb735d0d:3:50)
    at node_modules/react-dom/cjs/react-dom.development.js/< (http://localhost:3000/node_modules/.vite/deps/react-dom_client.js?v=e8d217c6:479:25)
    at node_modules/react-dom/cjs/react-dom.development.js (http://localhost:3000/node_modules/.vite/deps/react-dom_client.js?v=e8d217c6:21554:9)
    at __require (http://localhost:3000/node_modules/.vite/deps/chunk-UZX524IT.js?v=fb735d0d:3:50)
    at node_modules/react-dom/index.js (http://localhost:3000/node_modules/.vite/deps/react-dom_client.js?v=e8d217c6:21567:24)
    at __require (http://localhost:3000/node_modules/.vite/deps/chunk-UZX524IT.js?v=fb735d0d:3:50)
    at node_modules/react-dom/client.js (http://localhost:3000/node_modules/.vite/deps/react-dom_client.js?v=e8d217c6:21575:13)
    at __require (http://localhost:3000/node_modules/.vite/deps/chunk-UZX524IT.js?v=fb735d0d:3:50)
    at  (http://localhost:3000/node_modules/.vite/deps/react-dom_client.js?v=e8d217c6:21601:16)
[ 8432998ms] ReferenceError: SumaryFormForm is not defined
    at App (http://localhost:3000/src/App.jsx?t=1774152529051:29:28)
    at renderWithHooks (http://localhost:3000/node_modules/.vite/deps/react-dom_client.js?v=e8d217c6:12169:35)
    at mountIndeterminateComponent (http://localhost:3000/node_modules/.vite/deps/react-dom_client.js?v=e8d217c6:14919:21)
    at beginWork (http://localhost:3000/node_modules/.vite/deps/react-dom_client.js?v=e8d217c6:15900:22)
    at beginWork$1 (http://localhost:3000/node_modules/.vite/deps/react-dom_client.js?v=e8d217c6:19747:22)
    at performUnitOfWork (http://localhost:3000/node_modules/.vite/deps/react-dom_client.js?v=e8d217c6:19192:20)
    at workLoopSync (http://localhost:3000/node_modules/.vite/deps/react-dom_client.js?v=e8d217c6:19131:30)
    at renderRootSync (http://localhost:3000/node_modules/.vite/deps/react-dom_client.js?v=e8d217c6:19110:15)
    at recoverFromConcurrentError (http://localhost:3000/node_modules/.vite/deps/react-dom_client.js?v=e8d217c6:18730:42)
    at performConcurrentWorkOnRoot (http://localhost:3000/node_modules/.vite/deps/react-dom_client.js?v=e8d217c6:18678:30)
    at workLoop (http://localhost:3000/node_modules/.vite/deps/react-dom_client.js?v=e8d217c6:195:50)
    at flushWork (http://localhost:3000/node_modules/.vite/deps/react-dom_client.js?v=e8d217c6:174:22)
    at performWorkUntilDeadline (http://localhost:3000/node_modules/.vite/deps/react-dom_client.js?v=e8d217c6:382:29)
    at EventHandlerNonNull*node_modules/scheduler/cjs/scheduler.development.js/< (http://localhost:3000/node_modules/.vite/deps/react-dom_client.js?v=e8d217c6:403:11)
    at node_modules/scheduler/cjs/scheduler.development.js (http://localhost:3000/node_modules/.vite/deps/react-dom_client.js?v=e8d217c6:451:9)
    at __require (http://localhost:3000/node_modules/.vite/deps/chunk-UZX524IT.js?v=fb735d0d:3:50)
    at node_modules/scheduler/index.js (http://localhost:3000/node_modules/.vite/deps/react-dom_client.js?v=e8d217c6:463:24)
    at __require (http://localhost:3000/node_modules/.vite/deps/chunk-UZX524IT.js?v=fb735d0d:3:50)
    at node_modules/react-dom/cjs/react-dom.development.js/< (http://localhost:3000/node_modules/.vite/deps/react-dom_client.js?v=e8d217c6:479:25)
    at node_modules/react-dom/cjs/react-dom.development.js (http://localhost:3000/node_modules/.vite/deps/react-dom_client.js?v=e8d217c6:21554:9)
    at __require (http://localhost:3000/node_modules/.vite/deps/chunk-UZX524IT.js?v=fb735d0d:3:50)
    at node_modules/react-dom/index.js (http://localhost:3000/node_modules/.vite/deps/react-dom_client.js?v=e8d217c6:21567:24)
    at __require (http://localhost:3000/node_modules/.vite/deps/chunk-UZX524IT.js?v=fb735d0d:3:50)
    at node_modules/react-dom/client.js (http://localhost:3000/node_modules/.vite/deps/react-dom_client.js?v=e8d217c6:21575:13)
    at __require (http://localhost:3000/node_modules/.vite/deps/chunk-UZX524IT.js?v=fb735d0d:3:50)
    at  (http://localhost:3000/node_modules/.vite/deps/react-dom_client.js?v=e8d217c6:21601:16)
[ 8924249ms] [ERROR] Error @ http://localhost:3000/@vite/client:294
[ 8924251ms] [ERROR] [hmr] Failed to reload /src/components/SumaryForm/index.jsx. This could be due to syntax errors or importing non-existent modules. (see errors above) @ http://localhost:3000/@vite/client:296
[ 8924252ms] [ERROR] [JavaScript Error: "Loading module from “http://localhost:3000/src/components/SumaryForm/index.jsx?t=1774153020435” was blocked because of a disallowed MIME type (“”)." {file: "http://localhost:3000/" line: 0}] @ http://localhost:3000/:0
[ 8924252ms] [WARNING] [JavaScript Warning: "Loading failed for the module with source “http://localhost:3000/src/components/SumaryForm/index.jsx?t=1774153020435”." {file: "http://localhost:3000/@vite/client" line: 0}] @ http://localhost:3000/@vite/client:0
[ 8926099ms] [ERROR] Error @ http://localhost:3000/@vite/client:294
[ 8926099ms] [ERROR] [hmr] Failed to reload /src/components/SumaryForm/index.jsx. This could be due to syntax errors or importing non-existent modules. (see errors above) @ http://localhost:3000/@vite/client:296
[ 8926099ms] [ERROR] [JavaScript Error: "Loading module from “http://localhost:3000/src/components/SumaryForm/index.jsx?t=1774153022323” was blocked because of a disallowed MIME type (“”)." {file: "http://localhost:3000/" line: 0}] @ http://localhost:3000/:0
[ 8926100ms] [WARNING] [JavaScript Warning: "Loading failed for the module with source “http://localhost:3000/src/components/SumaryForm/index.jsx?t=1774153022323”." {file: "http://localhost:3000/@vite/client" line: 0}] @ http://localhost:3000/@vite/client:0
[ 9124431ms] [ERROR] [JavaScript Error: "Loading module from “http://localhost:3000/src/components/Checkbox.jsx/index.jsx?t=1774153220634” was blocked because of a disallowed MIME type (“”)." {file: "http://localhost:3000/" line: 0}] @ http://localhost:3000/:0
[ 9124433ms] [ERROR] Error @ http://localhost:3000/@vite/client:294
[ 9124433ms] [ERROR] [hmr] Failed to reload /src/components/Checkbox.jsx/index.jsx. This could be due to syntax errors or importing non-existent modules. (see errors above) @ http://localhost:3000/@vite/client:296
[ 9124433ms] [WARNING] [JavaScript Warning: "Loading failed for the module with source “http://localhost:3000/src/components/Checkbox.jsx/index.jsx?t=1774153220634”." {file: "http://localhost:3000/@vite/client" line: 0}] @ http://localhost:3000/@vite/client:0
[ 9508772ms] [ERROR] Error @ http://localhost:3000/@vite/client:294
[ 9508772ms] [ERROR] [hmr] Failed to reload /src/components/SumaryForm/index.jsx. This could be due to syntax errors or importing non-existent modules. (see errors above) @ http://localhost:3000/@vite/client:296
[ 9508772ms] [ERROR] [JavaScript Error: "Loading module from “http://localhost:3000/src/components/SumaryForm/index.jsx?t=1774153604989” was blocked because of a disallowed MIME type (“”)." {file: "http://localhost:3000/" line: 0}] @ http://localhost:3000/:0
[ 9508773ms] [WARNING] [JavaScript Warning: "Loading failed for the module with source “http://localhost:3000/src/components/SumaryForm/index.jsx?t=1774153604989”." {file: "http://localhost:3000/@vite/client" line: 0}] @ http://localhost:3000/@vite/client:0
[11984239ms] [ERROR] Warning: A component is changing an uncontrolled input to be controlled. This is likely caused by the value changing from undefined to a defined value, which should not happen. Decide between using a controlled or uncontrolled input element for the lifetime of the component. More info: https://reactjs.org/link/controlled-components
input
Checkbox@http://localhost:3000/src/components/Checkbox/index.jsx?t=1774156080427:17:33
form
SumaryForm@http://localhost:3000/src/components/SumaryForm/index.jsx?t=1774156063327:23:41
div
App@http://localhost:3000/src/App.jsx?t=1774152536556:22:43 @ http://localhost:3000/node_modules/.vite/deps/react-dom_client.js?v=e8d217c6:518
[12546690ms] [ERROR] Error @ http://localhost:3000/@vite/client:294
[12546691ms] [ERROR] [hmr] Failed to reload /src/components/SumaryForm/index.jsx. This could be due to syntax errors or importing non-existent modules. (see errors above) @ http://localhost:3000/@vite/client:296
[12546692ms] [ERROR] [JavaScript Error: "Loading module from “http://localhost:3000/src/components/SumaryForm/index.jsx?t=1774156642840” was blocked because of a disallowed MIME type (“”)." {file: "http://localhost:3000/" line: 0}] @ http://localhost:3000/:0
[12546692ms] [WARNING] [JavaScript Warning: "Loading failed for the module with source “http://localhost:3000/src/components/SumaryForm/index.jsx?t=1774156642840”." {file: "http://localhost:3000/@vite/client" line: 0}] @ http://localhost:3000/@vite/client:0
[12553888ms] [ERROR] Error @ http://localhost:3000/@vite/client:294
[12553888ms] [ERROR] [hmr] Failed to reload /src/components/SumaryForm/index.jsx. This could be due to syntax errors or importing non-existent modules. (see errors above) @ http://localhost:3000/@vite/client:296
[12553892ms] [ERROR] [JavaScript Error: "Loading module from “http://localhost:3000/src/components/SumaryForm/index.jsx?t=1774156650067” was blocked because of a disallowed MIME type (“”)." {file: "http://localhost:3000/" line: 0}] @ http://localhost:3000/:0
[12553892ms] [WARNING] [JavaScript Warning: "Loading failed for the module with source “http://localhost:3000/src/components/SumaryForm/index.jsx?t=1774156650067”." {file: "http://localhost:3000/@vite/client" line: 0}] @ http://localhost:3000/@vite/client:0
[12557786ms] [ERROR] Error @ http://localhost:3000/@vite/client:294
[12557786ms] [ERROR] [hmr] Failed to reload /src/components/SumaryForm/index.jsx. This could be due to syntax errors or importing non-existent modules. (see errors above) @ http://localhost:3000/@vite/client:296
[12557912ms] SyntaxError: The requested module 'http://localhost:3000/node_modules/.vite/deps/react-bootstrap.js?v=5078a0f3' doesn't provide an export named: 'default'

[12593387ms] [ERROR] [JavaScript Error: "Loading module from “http://localhost:3000/src/components/SumaryForm/index.jsx?t=1774156676603” was blocked because of a disallowed MIME type (“”)." {file: "http://localhost:3000/" line: 0}] @ http://localhost:3000/:0
[12593388ms] [WARNING] [JavaScript Warning: "Loading failed for the module with source “http://localhost:3000/src/components/SumaryForm/index.jsx?t=1774156676603”." {file: "http://localhost:3000/src/App.jsx?t=1774152536556" line: 0}] @ http://localhost:3000/src/App.jsx?t=1774152536556:0
[12593583ms] [ERROR] [JavaScript Error: "Loading module from “http://localhost:3000/src/components/SumaryForm/index.jsx?t=1774156676603” was blocked because of a disallowed MIME type (“”)." {file: "http://localhost:3000/" line: 0}] @ http://localhost:3000/:0
[12593585ms] [WARNING] [JavaScript Warning: "Loading failed for the module with source “http://localhost:3000/src/components/SumaryForm/index.jsx?t=1774156676603”." {file: "http://localhost:3000/src/App.jsx?t=1774152536556" line: 0}] @ http://localhost:3000/src/App.jsx?t=1774152536556:0
[12611410ms] [ERROR] [JavaScript Error: "Loading module from “http://localhost:3000/src/components/SumaryForm/index.jsx?t=1774156707542” was blocked because of a disallowed MIME type (“”)." {file: "http://localhost:3000/" line: 0}] @ http://localhost:3000/:0
[12611411ms] [WARNING] [JavaScript Warning: "Loading failed for the module with source “http://localhost:3000/src/components/SumaryForm/index.jsx?t=1774156707542”." {file: "http://localhost:3000/src/App.jsx?t=1774156707542" line: 0}] @ http://localhost:3000/src/App.jsx?t=1774156707542:0
[12614008ms] [ERROR] [JavaScript Error: "Loading module from “http://localhost:3000/src/components/SumaryForm/index.jsx?t=1774156710199” was blocked because of a disallowed MIME type (“”)." {file: "http://localhost:3000/" line: 0}] @ http://localhost:3000/:0
[12614008ms] [WARNING] [JavaScript Warning: "Loading failed for the module with source “http://localhost:3000/src/components/SumaryForm/index.jsx?t=1774156710199”." {file: "http://localhost:3000/src/App.jsx?t=1774156710199" line: 0}] @ http://localhost:3000/src/App.jsx?t=1774156710199:0
[12878097ms] [ERROR] [JavaScript Error: "Loading module from “http://localhost:3000/src/components/SumaryForm/index.jsx?t=1774156968545” was blocked because of a disallowed MIME type (“”)." {file: "http://localhost:3000/" line: 0}] @ http://localhost:3000/:0
[12878098ms] [WARNING] [JavaScript Warning: "Loading failed for the module with source “http://localhost:3000/src/components/SumaryForm/index.jsx?t=1774156968545”." {file: "http://localhost:3000/src/App.jsx?t=1774156968545" line: 0}] @ http://localhost:3000/src/App.jsx?t=1774156968545:0
[12888130ms] [ERROR] [JavaScript Error: "Loading module from “http://localhost:3000/src/components/SumaryForm/index.jsx?t=1774156984292” was blocked because of a disallowed MIME type (“”)." {file: "http://localhost:3000/" line: 0}] @ http://localhost:3000/:0
[12888130ms] [WARNING] [JavaScript Warning: "Loading failed for the module with source “http://localhost:3000/src/components/SumaryForm/index.jsx?t=1774156984292”." {file: "http://localhost:3000/src/App.jsx?t=1774156984292" line: 0}] @ http://localhost:3000/src/App.jsx?t=1774156984292:0
[12890552ms] [ERROR] [JavaScript Error: "Loading module from “http://localhost:3000/src/components/SumaryForm/index.jsx?t=1774156986736” was blocked because of a disallowed MIME type (“”)." {file: "http://localhost:3000/" line: 0}] @ http://localhost:3000/:0
[12890552ms] [WARNING] [JavaScript Warning: "Loading failed for the module with source “http://localhost:3000/src/components/SumaryForm/index.jsx?t=1774156986736”." {file: "http://localhost:3000/src/App.jsx?t=1774156986736" line: 0}] @ http://localhost:3000/src/App.jsx?t=1774156986736:0
[12892290ms] [ERROR] [JavaScript Error: "Loading module from “http://localhost:3000/src/components/SumaryForm/index.jsx?t=1774156988485” was blocked because of a disallowed MIME type (“”)." {file: "http://localhost:3000/" line: 0}] @ http://localhost:3000/:0
[12892290ms] [WARNING] [JavaScript Warning: "Loading failed for the module with source “http://localhost:3000/src/components/SumaryForm/index.jsx?t=1774156988485”." {file: "http://localhost:3000/src/App.jsx?t=1774156988485" line: 0}] @ http://localhost:3000/src/App.jsx?t=1774156988485:0
[12895026ms] [ERROR] Warning: Invalid hook call. Hooks can only be called inside of the body of a function component. This could happen for one of the following reasons:
1. You might have mismatching versions of React and the renderer (such as React DOM)
2. You might be breaking the Rules of Hooks
3. You might have more than one copy of React in the same app
See https://reactjs.org/link/invalid-hook-call for tips about how to debug and fix this problem. @ http://localhost:3000/node_modules/.vite/deps/chunk-MYQCFY5U.js?v=f20c3017:157
[12895026ms] [ERROR] Warning: Invalid hook call. Hooks can only be called inside of the body of a function component. This could happen for one of the following reasons:
1. You might have mismatching versions of React and the renderer (such as React DOM)
2. You might be breaking the Rules of Hooks
3. You might have more than one copy of React in the same app
See https://reactjs.org/link/invalid-hook-call for tips about how to debug and fix this problem. @ http://localhost:3000/node_modules/.vite/deps/chunk-MYQCFY5U.js?v=f20c3017:157
[12895028ms] [ERROR] Warning: Invalid hook call. Hooks can only be called inside of the body of a function component. This could happen for one of the following reasons:
1. You might have mismatching versions of React and the renderer (such as React DOM)
2. You might be breaking the Rules of Hooks
3. You might have more than one copy of React in the same app
See https://reactjs.org/link/invalid-hook-call for tips about how to debug and fix this problem. @ http://localhost:3000/node_modules/.vite/deps/chunk-MYQCFY5U.js?v=f20c3017:157
[12895028ms] [ERROR] Warning: Invalid hook call. Hooks can only be called inside of the body of a function component. This could happen for one of the following reasons:
1. You might have mismatching versions of React and the renderer (such as React DOM)
2. You might be breaking the Rules of Hooks
3. You might have more than one copy of React in the same app
See https://reactjs.org/link/invalid-hook-call for tips about how to debug and fix this problem. @ http://localhost:3000/node_modules/.vite/deps/chunk-MYQCFY5U.js?v=f20c3017:157
[12895028ms] [ERROR] The above error occurred in the <Button> component:

Button2<@http://localhost:3000/node_modules/.vite/deps/chunk-G4RNIXA3.js?v=f20c3017:121:33
form
Form<@http://localhost:3000/node_modules/.vite/deps/chunk-763JOURI.js?v=d7cc59b3:1481:31
SumaryForm@http://localhost:3000/src/components/SumaryForm/index.jsx?t=1774156990947:23:41
div
App@http://localhost:3000/src/App.jsx?t=1774156990947:22:43

Consider adding an error boundary to your tree to customize error handling behavior.
Visit https://reactjs.org/link/error-boundaries to learn more about error boundaries. @ http://localhost:3000/node_modules/.vite/deps/chunk-MMW4JUSU.js?v=d7cc59b3:14033
[12895032ms] TypeError: can't access property "useContext", dispatcher is null
    at useContext (http://localhost:3000/node_modules/.vite/deps/chunk-MYQCFY5U.js?v=f20c3017:1084:11)
    at useBootstrapPrefix (http://localhost:3000/node_modules/.vite/deps/chunk-RXN6PYVR.js?v=f20c3017:99:35)
    at Button2< (http://localhost:3000/node_modules/.vite/deps/chunk-G4RNIXA3.js?v=f20c3017:131:36)
    at renderWithHooks (http://localhost:3000/node_modules/.vite/deps/chunk-MMW4JUSU.js?v=d7cc59b3:12169:35)
    at updateForwardRef (http://localhost:3000/node_modules/.vite/deps/chunk-MMW4JUSU.js?v=d7cc59b3:14325:28)
    at beginWork (http://localhost:3000/node_modules/.vite/deps/chunk-MMW4JUSU.js?v=d7cc59b3:15932:22)
    at callCallback2 (http://localhost:3000/node_modules/.vite/deps/chunk-MMW4JUSU.js?v=d7cc59b3:3672:22)
    at invokeGuardedCallbackDev (http://localhost:3000/node_modules/.vite/deps/chunk-MMW4JUSU.js?v=d7cc59b3:3697:24)
    at invokeGuardedCallback (http://localhost:3000/node_modules/.vite/deps/chunk-MMW4JUSU.js?v=d7cc59b3:3731:39)
    at beginWork$1 (http://localhost:3000/node_modules/.vite/deps/chunk-MMW4JUSU.js?v=d7cc59b3:19759:36)
    at performUnitOfWork (http://localhost:3000/node_modules/.vite/deps/chunk-MMW4JUSU.js?v=d7cc59b3:19192:20)
    at workLoopSync (http://localhost:3000/node_modules/.vite/deps/chunk-MMW4JUSU.js?v=d7cc59b3:19131:30)
    at renderRootSync (http://localhost:3000/node_modules/.vite/deps/chunk-MMW4JUSU.js?v=d7cc59b3:19110:15)
    at performConcurrentWorkOnRoot (http://localhost:3000/node_modules/.vite/deps/chunk-MMW4JUSU.js?v=d7cc59b3:18672:83)
    at workLoop (http://localhost:3000/node_modules/.vite/deps/chunk-MMW4JUSU.js?v=d7cc59b3:195:50)
    at flushWork (http://localhost:3000/node_modules/.vite/deps/chunk-MMW4JUSU.js?v=d7cc59b3:174:22)
    at performWorkUntilDeadline (http://localhost:3000/node_modules/.vite/deps/chunk-MMW4JUSU.js?v=d7cc59b3:382:29)
    at EventHandlerNonNull*node_modules/scheduler/cjs/scheduler.development.js/< (http://localhost:3000/node_modules/.vite/deps/chunk-MMW4JUSU.js?v=d7cc59b3:403:11)
    at node_modules/scheduler/cjs/scheduler.development.js (http://localhost:3000/node_modules/.vite/deps/chunk-MMW4JUSU.js?v=d7cc59b3:451:9)
    at __require (http://localhost:3000/node_modules/.vite/deps/chunk-MYQCFY5U.js?v=d7cc59b3:8:50)
    at node_modules/scheduler/index.js (http://localhost:3000/node_modules/.vite/deps/chunk-MMW4JUSU.js?v=d7cc59b3:463:24)
    at __require (http://localhost:3000/node_modules/.vite/deps/chunk-MYQCFY5U.js?v=d7cc59b3:8:50)
    at node_modules/react-dom/cjs/react-dom.development.js/< (http://localhost:3000/node_modules/.vite/deps/chunk-MMW4JUSU.js?v=d7cc59b3:479:25)
    at node_modules/react-dom/cjs/react-dom.development.js (http://localhost:3000/node_modules/.vite/deps/chunk-MMW4JUSU.js?v=d7cc59b3:21554:9)
    at __require (http://localhost:3000/node_modules/.vite/deps/chunk-MYQCFY5U.js?v=d7cc59b3:8:50)
    at node_modules/react-dom/index.js (http://localhost:3000/node_modules/.vite/deps/chunk-MMW4JUSU.js?v=d7cc59b3:21567:24)
    at __require (http://localhost:3000/node_modules/.vite/deps/chunk-MYQCFY5U.js?v=d7cc59b3:8:50)
    at node_modules/react-dom/client.js (http://localhost:3000/node_modules/.vite/deps/react-dom_client.js?v=d7cc59b3:11:13)
    at __require (http://localhost:3000/node_modules/.vite/deps/chunk-MYQCFY5U.js?v=d7cc59b3:8:50)
    at  (http://localhost:3000/node_modules/.vite/deps/react-dom_client.js?v=d7cc59b3:37:16)
[12895033ms] TypeError: can't access property "useContext", dispatcher is null
    at useContext (http://localhost:3000/node_modules/.vite/deps/chunk-MYQCFY5U.js?v=f20c3017:1084:11)
    at useBootstrapPrefix (http://localhost:3000/node_modules/.vite/deps/chunk-RXN6PYVR.js?v=f20c3017:99:35)
    at Button2< (http://localhost:3000/node_modules/.vite/deps/chunk-G4RNIXA3.js?v=f20c3017:131:36)
    at renderWithHooks (http://localhost:3000/node_modules/.vite/deps/chunk-MMW4JUSU.js?v=d7cc59b3:12169:35)
    at updateForwardRef (http://localhost:3000/node_modules/.vite/deps/chunk-MMW4JUSU.js?v=d7cc59b3:14325:28)
    at beginWork (http://localhost:3000/node_modules/.vite/deps/chunk-MMW4JUSU.js?v=d7cc59b3:15932:22)
    at callCallback2 (http://localhost:3000/node_modules/.vite/deps/chunk-MMW4JUSU.js?v=d7cc59b3:3672:22)
    at invokeGuardedCallbackDev (http://localhost:3000/node_modules/.vite/deps/chunk-MMW4JUSU.js?v=d7cc59b3:3697:24)
    at invokeGuardedCallback (http://localhost:3000/node_modules/.vite/deps/chunk-MMW4JUSU.js?v=d7cc59b3:3731:39)
    at beginWork$1 (http://localhost:3000/node_modules/.vite/deps/chunk-MMW4JUSU.js?v=d7cc59b3:19759:36)
    at performUnitOfWork (http://localhost:3000/node_modules/.vite/deps/chunk-MMW4JUSU.js?v=d7cc59b3:19192:20)
    at workLoopSync (http://localhost:3000/node_modules/.vite/deps/chunk-MMW4JUSU.js?v=d7cc59b3:19131:30)
    at renderRootSync (http://localhost:3000/node_modules/.vite/deps/chunk-MMW4JUSU.js?v=d7cc59b3:19110:15)
    at recoverFromConcurrentError (http://localhost:3000/node_modules/.vite/deps/chunk-MMW4JUSU.js?v=d7cc59b3:18730:42)
    at performConcurrentWorkOnRoot (http://localhost:3000/node_modules/.vite/deps/chunk-MMW4JUSU.js?v=d7cc59b3:18678:30)
    at workLoop (http://localhost:3000/node_modules/.vite/deps/chunk-MMW4JUSU.js?v=d7cc59b3:195:50)
    at flushWork (http://localhost:3000/node_modules/.vite/deps/chunk-MMW4JUSU.js?v=d7cc59b3:174:22)
    at performWorkUntilDeadline (http://localhost:3000/node_modules/.vite/deps/chunk-MMW4JUSU.js?v=d7cc59b3:382:29)
    at EventHandlerNonNull*node_modules/scheduler/cjs/scheduler.development.js/< (http://localhost:3000/node_modules/.vite/deps/chunk-MMW4JUSU.js?v=d7cc59b3:403:11)
    at node_modules/scheduler/cjs/scheduler.development.js (http://localhost:3000/node_modules/.vite/deps/chunk-MMW4JUSU.js?v=d7cc59b3:451:9)
    at __require (http://localhost:3000/node_modules/.vite/deps/chunk-MYQCFY5U.js?v=d7cc59b3:8:50)
    at node_modules/scheduler/index.js (http://localhost:3000/node_modules/.vite/deps/chunk-MMW4JUSU.js?v=d7cc59b3:463:24)
    at __require (http://localhost:3000/node_modules/.vite/deps/chunk-MYQCFY5U.js?v=d7cc59b3:8:50)
    at node_modules/react-dom/cjs/react-dom.development.js/< (http://localhost:3000/node_modules/.vite/deps/chunk-MMW4JUSU.js?v=d7cc59b3:479:25)
    at node_modules/react-dom/cjs/react-dom.development.js (http://localhost:3000/node_modules/.vite/deps/chunk-MMW4JUSU.js?v=d7cc59b3:21554:9)
    at __require (http://localhost:3000/node_modules/.vite/deps/chunk-MYQCFY5U.js?v=d7cc59b3:8:50)
    at node_modules/react-dom/index.js (http://localhost:3000/node_modules/.vite/deps/chunk-MMW4JUSU.js?v=d7cc59b3:21567:24)
    at __require (http://localhost:3000/node_modules/.vite/deps/chunk-MYQCFY5U.js?v=d7cc59b3:8:50)
    at node_modules/react-dom/client.js (http://localhost:3000/node_modules/.vite/deps/react-dom_client.js?v=d7cc59b3:11:13)
    at __require (http://localhost:3000/node_modules/.vite/deps/chunk-MYQCFY5U.js?v=d7cc59b3:8:50)
    at  (http://localhost:3000/node_modules/.vite/deps/react-dom_client.js?v=d7cc59b3:37:16)
[12895044ms] TypeError: can't access property "useContext", dispatcher is null
    at useContext (http://localhost:3000/node_modules/.vite/deps/chunk-MYQCFY5U.js?v=f20c3017:1084:11)
    at useBootstrapPrefix (http://localhost:3000/node_modules/.vite/deps/chunk-RXN6PYVR.js?v=f20c3017:99:35)
    at Button2< (http://localhost:3000/node_modules/.vite/deps/chunk-G4RNIXA3.js?v=f20c3017:131:36)
    at renderWithHooks (http://localhost:3000/node_modules/.vite/deps/chunk-MMW4JUSU.js?v=d7cc59b3:12169:35)
    at updateForwardRef (http://localhost:3000/node_modules/.vite/deps/chunk-MMW4JUSU.js?v=d7cc59b3:14325:28)
    at beginWork (http://localhost:3000/node_modules/.vite/deps/chunk-MMW4JUSU.js?v=d7cc59b3:15932:22)
    at beginWork$1 (http://localhost:3000/node_modules/.vite/deps/chunk-MMW4JUSU.js?v=d7cc59b3:19747:22)
    at performUnitOfWork (http://localhost:3000/node_modules/.vite/deps/chunk-MMW4JUSU.js?v=d7cc59b3:19192:20)
    at workLoopSync (http://localhost:3000/node_modules/.vite/deps/chunk-MMW4JUSU.js?v=d7cc59b3:19131:30)
    at renderRootSync (http://localhost:3000/node_modules/.vite/deps/chunk-MMW4JUSU.js?v=d7cc59b3:19110:15)
    at recoverFromConcurrentError (http://localhost:3000/node_modules/.vite/deps/chunk-MMW4JUSU.js?v=d7cc59b3:18730:42)
    at performConcurrentWorkOnRoot (http://localhost:3000/node_modules/.vite/deps/chunk-MMW4JUSU.js?v=d7cc59b3:18678:30)
    at workLoop (http://localhost:3000/node_modules/.vite/deps/chunk-MMW4JUSU.js?v=d7cc59b3:195:50)
    at flushWork (http://localhost:3000/node_modules/.vite/deps/chunk-MMW4JUSU.js?v=d7cc59b3:174:22)
    at performWorkUntilDeadline (http://localhost:3000/node_modules/.vite/deps/chunk-MMW4JUSU.js?v=d7cc59b3:382:29)
    at EventHandlerNonNull*node_modules/scheduler/cjs/scheduler.development.js/< (http://localhost:3000/node_modules/.vite/deps/chunk-MMW4JUSU.js?v=d7cc59b3:403:11)
    at node_modules/scheduler/cjs/scheduler.development.js (http://localhost:3000/node_modules/.vite/deps/chunk-MMW4JUSU.js?v=d7cc59b3:451:9)
    at __require (http://localhost:3000/node_modules/.vite/deps/chunk-MYQCFY5U.js?v=d7cc59b3:8:50)
    at node_modules/scheduler/index.js (http://localhost:3000/node_modules/.vite/deps/chunk-MMW4JUSU.js?v=d7cc59b3:463:24)
    at __require (http://localhost:3000/node_modules/.vite/deps/chunk-MYQCFY5U.js?v=d7cc59b3:8:50)
    at node_modules/react-dom/cjs/react-dom.development.js/< (http://localhost:3000/node_modules/.vite/deps/chunk-MMW4JUSU.js?v=d7cc59b3:479:25)
    at node_modules/react-dom/cjs/react-dom.development.js (http://localhost:3000/node_modules/.vite/deps/chunk-MMW4JUSU.js?v=d7cc59b3:21554:9)
    at __require (http://localhost:3000/node_modules/.vite/deps/chunk-MYQCFY5U.js?v=d7cc59b3:8:50)
    at node_modules/react-dom/index.js (http://localhost:3000/node_modules/.vite/deps/chunk-MMW4JUSU.js?v=d7cc59b3:21567:24)
    at __require (http://localhost:3000/node_modules/.vite/deps/chunk-MYQCFY5U.js?v=d7cc59b3:8:50)
    at node_modules/react-dom/client.js (http://localhost:3000/node_modules/.vite/deps/react-dom_client.js?v=d7cc59b3:11:13)
    at __require (http://localhost:3000/node_modules/.vite/deps/chunk-MYQCFY5U.js?v=d7cc59b3:8:50)
    at  (http://localhost:3000/node_modules/.vite/deps/react-dom_client.js?v=d7cc59b3:37:16)
[12948338ms] [ERROR] Error @ http://localhost:3000/@vite/client:294
[12948338ms] [ERROR] [hmr] Failed to reload /src/components/SumaryForm/index.jsx. This could be due to syntax errors or importing non-existent modules. (see errors above) @ http://localhost:3000/@vite/client:296
[12948338ms] [ERROR] [JavaScript Error: "Loading module from “http://localhost:3000/src/components/SumaryForm/index.jsx?t=1774157044529” was blocked because of a disallowed MIME type (“”)." {file: "http://localhost:3000/" line: 0}] @ http://localhost:3000/:0
[12948338ms] [WARNING] [JavaScript Warning: "Loading failed for the module with source “http://localhost:3000/src/components/SumaryForm/index.jsx?t=1774157044529”." {file: "http://localhost:3000/@vite/client" line: 0}] @ http://localhost:3000/@vite/client:0
[12949637ms] [ERROR] Error @ http://localhost:3000/@vite/client:294
[12949637ms] [ERROR] [hmr] Failed to reload /src/components/SumaryForm/index.jsx. This could be due to syntax errors or importing non-existent modules. (see errors above) @ http://localhost:3000/@vite/client:296
[12949637ms] [ERROR] [JavaScript Error: "Loading module from “http://localhost:3000/src/components/SumaryForm/index.jsx?t=1774157045858” was blocked because of a disallowed MIME type (“”)." {file: "http://localhost:3000/" line: 0}] @ http://localhost:3000/:0
[12949637ms] [WARNING] [JavaScript Warning: "Loading failed for the module with source “http://localhost:3000/src/components/SumaryForm/index.jsx?t=1774157045858”." {file: "http://localhost:3000/@vite/client" line: 0}] @ http://localhost:3000/@vite/client:0
[12955623ms] [ERROR] Error @ http://localhost:3000/@vite/client:294
[12955632ms] [ERROR] [hmr] Failed to reload /src/components/SumaryForm/index.jsx. This could be due to syntax errors or importing non-existent modules. (see errors above) @ http://localhost:3000/@vite/client:296
[12955632ms] [ERROR] [JavaScript Error: "Loading module from “http://localhost:3000/src/components/SumaryForm/index.jsx?t=1774157051798” was blocked because of a disallowed MIME type (“”)." {file: "http://localhost:3000/" line: 0}] @ http://localhost:3000/:0
[12955632ms] [WARNING] [JavaScript Warning: "Loading failed for the module with source “http://localhost:3000/src/components/SumaryForm/index.jsx?t=1774157051798”." {file: "http://localhost:3000/@vite/client" line: 0}] @ http://localhost:3000/@vite/client:0
[12956680ms] [ERROR] [JavaScript Error: "Loading module from “http://localhost:3000/src/components/SumaryForm/index.jsx?t=1774157052893” was blocked because of a disallowed MIME type (“”)." {file: "http://localhost:3000/" line: 0}] @ http://localhost:3000/:0
[12956681ms] [ERROR] Error @ http://localhost:3000/@vite/client:294
[12956681ms] [ERROR] [hmr] Failed to reload /src/components/SumaryForm/index.jsx. This could be due to syntax errors or importing non-existent modules. (see errors above) @ http://localhost:3000/@vite/client:296
[12956682ms] [WARNING] [JavaScript Warning: "Loading failed for the module with source “http://localhost:3000/src/components/SumaryForm/index.jsx?t=1774157052893”." {file: "http://localhost:3000/@vite/client" line: 0}] @ http://localhost:3000/@vite/client:0
[12960464ms] [ERROR] Error @ http://localhost:3000/@vite/client:294
[12960465ms] [ERROR] [hmr] Failed to reload /src/components/SumaryForm/index.jsx. This could be due to syntax errors or importing non-existent modules. (see errors above) @ http://localhost:3000/@vite/client:296
[12960465ms] [ERROR] [JavaScript Error: "Loading module from “http://localhost:3000/src/components/SumaryForm/index.jsx?t=1774157056681” was blocked because of a disallowed MIME type (“”)." {file: "http://localhost:3000/" line: 0}] @ http://localhost:3000/:0
[12960465ms] [WARNING] [JavaScript Warning: "Loading failed for the module with source “http://localhost:3000/src/components/SumaryForm/index.jsx?t=1774157056681”." {file: "http://localhost:3000/@vite/client" line: 0}] @ http://localhost:3000/@vite/client:0
