[   97302ms] [ERROR] The above error occurred in the <App> component:

App@http://localhost:5173/src/App.jsx?t=1773988533237:22:47

Consider adding an error boundary to your tree to customize error handling behavior.
Visit https://reactjs.org/link/error-boundaries to learn more about error boundaries. @ http://localhost:5173/:30
[   97303ms] ReferenceError: buttonColor is not defined
    at App (http://localhost:5173/src/App.jsx?t=1773988533237:23:22)
    at renderWithHooks (http://localhost:5173/node_modules/.vite/deps/react-dom_client.js?v=fbd9f891:12169:35)
    at mountIndeterminateComponent (http://localhost:5173/node_modules/.vite/deps/react-dom_client.js?v=fbd9f891:14919:21)
    at beginWork (http://localhost:5173/node_modules/.vite/deps/react-dom_client.js?v=fbd9f891:15900:22)
    at callCallback2 (http://localhost:5173/node_modules/.vite/deps/react-dom_client.js?v=fbd9f891:3672:22)
    at invokeGuardedCallbackDev (http://localhost:5173/node_modules/.vite/deps/react-dom_client.js?v=fbd9f891:3697:24)
    at invokeGuardedCallback (http://localhost:5173/node_modules/.vite/deps/react-dom_client.js?v=fbd9f891:3731:39)
    at beginWork$1 (http://localhost:5173/node_modules/.vite/deps/react-dom_client.js?v=fbd9f891:19759:36)
    at performUnitOfWork (http://localhost:5173/node_modules/.vite/deps/react-dom_client.js?v=fbd9f891:19192:20)
    at workLoopSync (http://localhost:5173/node_modules/.vite/deps/react-dom_client.js?v=fbd9f891:19131:30)
    at renderRootSync (http://localhost:5173/node_modules/.vite/deps/react-dom_client.js?v=fbd9f891:19110:15)
    at performSyncWorkOnRoot (http://localhost:5173/node_modules/.vite/deps/react-dom_client.js?v=fbd9f891:18868:42)
    at flushSyncCallbacks (http://localhost:5173/node_modules/.vite/deps/react-dom_client.js?v=fbd9f891:9133:30)
    at flushSync (http://localhost:5173/node_modules/.vite/deps/react-dom_client.js?v=fbd9f891:18953:15)
    at scheduleRefresh (http://localhost:5173/node_modules/.vite/deps/react-dom_client.js?v=fbd9f891:19998:22)
    at performReactRefresh/< (http://localhost:5173/@react-refresh:267:17)
    at performReactRefresh (http://localhost:5173/@react-refresh:256:26)
    at setTimeout handler*debounce/< (http://localhost:5173/@react-refresh:666:14)
    at validateRefreshBoundaryAndEnqueueUpdate (http://localhost:5173/@react-refresh:707:5)
    at  (http://localhost:5173/src/App.jsx:75:48)
    at createHotContext/accept/< (http://localhost:5173/@vite/client:658:96)
    at fetchUpdate/< (http://localhost:5173/@vite/client:600:15)
    at queueUpdate/< (http://localhost:5173/@vite/client:473:60)
    at queueUpdate (http://localhost:5173/@vite/client:473:38)
    at async*handleMessage/< (http://localhost:5173/@vite/client:350:28)
    at handleMessage (http://localhost:5173/@vite/client:348:47)
    at setupWebSocket/< (http://localhost:5173/@vite/client:276:22)
    at EventListener.handleEvent*setupWebSocket (http://localhost:5173/@vite/client:275:12)
    at  (http://localhost:5173/@vite/client:262:14)
[   97303ms] ReferenceError: buttonColor is not defined
    at App (http://localhost:5173/src/App.jsx?t=1773988533237:23:22)
    at renderWithHooks (http://localhost:5173/node_modules/.vite/deps/react-dom_client.js?v=fbd9f891:12169:35)
    at mountIndeterminateComponent (http://localhost:5173/node_modules/.vite/deps/react-dom_client.js?v=fbd9f891:14919:21)
    at beginWork (http://localhost:5173/node_modules/.vite/deps/react-dom_client.js?v=fbd9f891:15900:22)
    at callCallback2 (http://localhost:5173/node_modules/.vite/deps/react-dom_client.js?v=fbd9f891:3672:22)
    at invokeGuardedCallbackDev (http://localhost:5173/node_modules/.vite/deps/react-dom_client.js?v=fbd9f891:3697:24)
    at invokeGuardedCallback (http://localhost:5173/node_modules/.vite/deps/react-dom_client.js?v=fbd9f891:3731:39)
    at beginWork$1 (http://localhost:5173/node_modules/.vite/deps/react-dom_client.js?v=fbd9f891:19759:36)
    at performUnitOfWork (http://localhost:5173/node_modules/.vite/deps/react-dom_client.js?v=fbd9f891:19192:20)
    at workLoopSync (http://localhost:5173/node_modules/.vite/deps/react-dom_client.js?v=fbd9f891:19131:30)
    at renderRootSync (http://localhost:5173/node_modules/.vite/deps/react-dom_client.js?v=fbd9f891:19110:15)
    at recoverFromConcurrentError (http://localhost:5173/node_modules/.vite/deps/react-dom_client.js?v=fbd9f891:18730:42)
    at performSyncWorkOnRoot (http://localhost:5173/node_modules/.vite/deps/react-dom_client.js?v=fbd9f891:18873:28)
    at flushSyncCallbacks (http://localhost:5173/node_modules/.vite/deps/react-dom_client.js?v=fbd9f891:9133:30)
    at flushSync (http://localhost:5173/node_modules/.vite/deps/react-dom_client.js?v=fbd9f891:18953:15)
    at scheduleRefresh (http://localhost:5173/node_modules/.vite/deps/react-dom_client.js?v=fbd9f891:19998:22)
    at performReactRefresh/< (http://localhost:5173/@react-refresh:267:17)
    at performReactRefresh (http://localhost:5173/@react-refresh:256:26)
    at setTimeout handler*debounce/< (http://localhost:5173/@react-refresh:666:14)
    at validateRefreshBoundaryAndEnqueueUpdate (http://localhost:5173/@react-refresh:707:5)
    at  (http://localhost:5173/src/App.jsx:75:48)
    at createHotContext/accept/< (http://localhost:5173/@vite/client:658:96)
    at fetchUpdate/< (http://localhost:5173/@vite/client:600:15)
    at queueUpdate/< (http://localhost:5173/@vite/client:473:60)
    at queueUpdate (http://localhost:5173/@vite/client:473:38)
    at async*handleMessage/< (http://localhost:5173/@vite/client:350:28)
    at handleMessage (http://localhost:5173/@vite/client:348:47)
    at setupWebSocket/< (http://localhost:5173/@vite/client:276:22)
    at EventListener.handleEvent*setupWebSocket (http://localhost:5173/@vite/client:275:12)
    at  (http://localhost:5173/@vite/client:262:14)
[   97303ms] ReferenceError: buttonColor is not defined
    at App (http://localhost:5173/src/App.jsx?t=1773988533237:23:22)
    at renderWithHooks (http://localhost:5173/node_modules/.vite/deps/react-dom_client.js?v=fbd9f891:12169:35)
    at mountIndeterminateComponent (http://localhost:5173/node_modules/.vite/deps/react-dom_client.js?v=fbd9f891:14919:21)
    at beginWork (http://localhost:5173/node_modules/.vite/deps/react-dom_client.js?v=fbd9f891:15900:22)
    at beginWork$1 (http://localhost:5173/node_modules/.vite/deps/react-dom_client.js?v=fbd9f891:19747:22)
    at performUnitOfWork (http://localhost:5173/node_modules/.vite/deps/react-dom_client.js?v=fbd9f891:19192:20)
    at workLoopSync (http://localhost:5173/node_modules/.vite/deps/react-dom_client.js?v=fbd9f891:19131:30)
    at renderRootSync (http://localhost:5173/node_modules/.vite/deps/react-dom_client.js?v=fbd9f891:19110:15)
    at recoverFromConcurrentError (http://localhost:5173/node_modules/.vite/deps/react-dom_client.js?v=fbd9f891:18730:42)
    at performSyncWorkOnRoot (http://localhost:5173/node_modules/.vite/deps/react-dom_client.js?v=fbd9f891:18873:28)
    at flushSyncCallbacks (http://localhost:5173/node_modules/.vite/deps/react-dom_client.js?v=fbd9f891:9133:30)
    at flushSync (http://localhost:5173/node_modules/.vite/deps/react-dom_client.js?v=fbd9f891:18953:15)
    at scheduleRefresh (http://localhost:5173/node_modules/.vite/deps/react-dom_client.js?v=fbd9f891:19998:22)
    at performReactRefresh/< (http://localhost:5173/@react-refresh:267:17)
    at performReactRefresh (http://localhost:5173/@react-refresh:256:26)
    at setTimeout handler*debounce/< (http://localhost:5173/@react-refresh:666:14)
    at validateRefreshBoundaryAndEnqueueUpdate (http://localhost:5173/@react-refresh:707:5)
    at  (http://localhost:5173/src/App.jsx:75:48)
    at createHotContext/accept/< (http://localhost:5173/@vite/client:658:96)
    at fetchUpdate/< (http://localhost:5173/@vite/client:600:15)
    at queueUpdate/< (http://localhost:5173/@vite/client:473:60)
    at queueUpdate (http://localhost:5173/@vite/client:473:38)
    at async*handleMessage/< (http://localhost:5173/@vite/client:350:28)
    at handleMessage (http://localhost:5173/@vite/client:348:47)
    at setupWebSocket/< (http://localhost:5173/@vite/client:276:22)
    at EventListener.handleEvent*setupWebSocket (http://localhost:5173/@vite/client:275:12)
    at  (http://localhost:5173/@vite/client:262:14)
